alarm_proto/build/intermediates/manifest_merge_blame_file/debug/manifest-merger-blame-debug-report.txt
1<?xml version="1.0" encoding="utf-8"?>
2<manifest xmlns:android="http://schemas.android.com/apk/res/android"
3    package="com.example.alarm_proto"
4    android:versionCode="1"
5    android:versionName="1.0" >
6
7    <uses-sdk
8        android:minSdkVersion="16"
8-->src\main\AndroidManifest.xml
9        android:targetSdkVersion="26" />
9-->src\main\AndroidManifest.xml
10
11    <uses-permission android:name="android.permission.FOREGROUND_SERVICE" />
11-->src\main\AndroidManifest.xml:5:5-77
11-->src\main\AndroidManifest.xml:5:22-74
12    <uses-permission android:name="android.permission.INTERNET" />
12-->src\main\AndroidManifest.xml:6:5-67
12-->src\main\AndroidManifest.xml:6:22-64
13    <uses-permission android:name="android.permission.ACCESS_FINE_LOCATION" />
13-->src\main\AndroidManifest.xml:7:5-79
13-->src\main\AndroidManifest.xml:7:22-76
14    <uses-permission android:name="android.permission.ACCESS_COARSE_LOCATION" />
14-->src\main\AndroidManifest.xml:8:5-80
14-->src\main\AndroidManifest.xml:8:22-78
15    <uses-permission android:name="android.permission.READ_EXTERNAL_STORAGE" />
15-->src\main\AndroidManifest.xml:9:5-80
15-->src\main\AndroidManifest.xml:9:22-77
16    <uses-permission android:name="android.permission.WRITE_EXTERNAL_STORAGE" />
16-->src\main\AndroidManifest.xml:10:5-81
16-->src\main\AndroidManifest.xml:10:22-78
17
18    <application
18-->src\main\AndroidManifest.xml:13:5-45:19
19        android:allowBackup="true"
19-->src\main\AndroidManifest.xml:14:9-35
20        android:debuggable="true"
21        android:icon="@mipmap/ic_launcher"
21-->src\main\AndroidManifest.xml:15:9-43
22        android:label="@string/app_name"
22-->src\main\AndroidManifest.xml:16:9-41
23        android:networkSecurityConfig="@xml/network_security_config"
23-->src\main\AndroidManifest.xml:20:9-69
24        android:roundIcon="@mipmap/ic_launcher_round"
24-->src\main\AndroidManifest.xml:17:9-54
25        android:supportsRtl="true"
25-->src\main\AndroidManifest.xml:18:9-35
26        android:testOnly="true"
27        android:theme="@style/AppTheme"
27-->src\main\AndroidManifest.xml:21:9-40
28        android:usesCleartextTraffic="true" >
28-->src\main\AndroidManifest.xml:19:9-44
29        <meta-data
29-->src\main\AndroidManifest.xml:22:9-24:64
30            android:name="com.kakao.sdk.AppKey"
30-->src\main\AndroidManifest.xml:23:13-48
31            android:value="cd858a4418d7273af074aa26ca8f5b7a" />
31-->src\main\AndroidManifest.xml:24:13-61
32
33        <activity android:name="com.example.alarm_proto.AlarmClosed" />
33-->src\main\AndroidManifest.xml:25:9-49
33-->src\main\AndroidManifest.xml:25:19-46
34
35        <receiver android:name="com.example.alarm_proto.Alarm_Receiver" />
35-->src\main\AndroidManifest.xml:26:9-52
35-->src\main\AndroidManifest.xml:26:19-49
36
37        <activity android:name="com.example.alarm_proto.DestinationSearch" />
37-->src\main\AndroidManifest.xml:27:9-55
37-->src\main\AndroidManifest.xml:27:19-52
38        <activity android:name="com.example.alarm_proto.AddDestination" />
38-->src\main\AndroidManifest.xml:28:9-52
38-->src\main\AndroidManifest.xml:28:19-49
39        <activity android:name="com.example.alarm_proto.RouteSelect" />
39-->src\main\AndroidManifest.xml:29:9-49
39-->src\main\AndroidManifest.xml:29:19-46
40        <activity android:name="com.example.alarm_proto.RouteConfig" />
40-->src\main\AndroidManifest.xml:30:9-49
40-->src\main\AndroidManifest.xml:30:19-46
41        <activity android:name="com.example.alarm_proto.AlarmManagement" />
41-->src\main\AndroidManifest.xml:31:9-53
41-->src\main\AndroidManifest.xml:31:19-50
42        <activity android:name="com.example.alarm_proto.AlarmConfig" />
42-->src\main\AndroidManifest.xml:32:9-49
42-->src\main\AndroidManifest.xml:32:19-46
43        <activity android:name="com.example.alarm_proto.UserSetting" />
43-->src\main\AndroidManifest.xml:33:9-49
43-->src\main\AndroidManifest.xml:33:19-46
44        <activity android:name="com.example.alarm_proto.DestinationFinish" />
44-->src\main\AndroidManifest.xml:34:9-55
44-->src\main\AndroidManifest.xml:34:19-52
45        <activity android:name="com.example.alarm_proto.MainActivity" >
45-->src\main\AndroidManifest.xml:35:9-40:20
45-->src\main\AndroidManifest.xml:35:19-47
46            <intent-filter>
46-->src\main\AndroidManifest.xml:36:13-39:29
47                <action android:name="android.intent.action.MAIN" />
47-->src\main\AndroidManifest.xml:37:17-69
47-->src\main\AndroidManifest.xml:37:25-66
48
49                <category android:name="android.intent.category.LAUNCHER" />
49-->src\main\AndroidManifest.xml:38:17-77
49-->src\main\AndroidManifest.xml:38:27-74
50            </intent-filter>
51        </activity>
52
53        <service
53-->src\main\AndroidManifest.xml:42:9-44:38
54            android:name="com.example.alarm_proto.RingtonePlayingService"
54-->src\main\AndroidManifest.xml:43:13-51
55            android:enabled="true" />
55-->src\main\AndroidManifest.xml:44:13-35
56
57        <meta-data
57-->[com.android.support:appcompat-v7:26.1.0] AndroidManifest.xml:26:9-28:38
58            android:name="android.support.VERSION"
58-->[com.android.support:appcompat-v7:26.1.0] AndroidManifest.xml:27:13-51
59            android:value="26.1.0" />
59-->[com.android.support:appcompat-v7:26.1.0] AndroidManifest.xml:28:13-35
60        <meta-data
60-->[android.arch.lifecycle:runtime:1.0.0] AndroidManifest.xml:25:9-27:47
61            android:name="android.arch.lifecycle.VERSION"
61-->[android.arch.lifecycle:runtime:1.0.0] AndroidManifest.xml:26:13-58
62            android:value="27.0.0-SNAPSHOT" />
62-->[android.arch.lifecycle:runtime:1.0.0] AndroidManifest.xml:27:13-44
63    </application>
64
65</manifest>